24-12-02 09:50:06.319 - INFO:   name: distributed_high_sr_ffhq
  phase: val
  gpu_ids: [0, 1]
  path:[
    log: experiments/distributed_high_sr_ffhq_241202_095006/logs
    tb_logger: experiments/distributed_high_sr_ffhq_241202_095006/tb_logger
    results: experiments/distributed_high_sr_ffhq_241202_095006/results
    checkpoint: experiments/distributed_high_sr_ffhq_241202_095006/checkpoint
    resume_state: I830000_E32
    experiments_root: experiments/distributed_high_sr_ffhq_241202_095006
  ]
  datasets:[
    train:[
      name: FFHQ
      mode: HR
      dataroot: dataset/ffhq_64_512
      datatype: img
      l_resolution: 64
      r_resolution: 512
      batch_size: 2
      num_workers: 8
      use_shuffle: True
      data_len: -1
    ]
    val:[
      name: CelebaHQ
      mode: LRHR
      dataroot: dataset/celebahq_64_512
      datatype: img
      l_resolution: 64
      r_resolution: 512
      data_len: 50
    ]
  ]
  model:[
    which_model_G: sr3
    finetune_norm: False
    unet:[
      in_channel: 6
      out_channel: 3
      inner_channel: 64
      norm_groups: 16
      channel_multiplier: [1, 2, 4, 8, 16]
      attn_res: []
      res_blocks: 1
      dropout: 0
    ]
    beta_schedule:[
      train:[
        schedule: linear
        n_timestep: 2000
        linear_start: 1e-06
        linear_end: 0.01
      ]
      val:[
        schedule: linear
        n_timestep: 2000
        linear_start: 1e-06
        linear_end: 0.01
      ]
    ]
    diffusion:[
      image_size: 512
      channels: 3
      conditional: True
    ]
  ]
  train:[
    n_iter: 1000000
    val_freq: 10000.0
    save_checkpoint_freq: 10000.0
    print_freq: 50
    optimizer:[
      type: adam
      lr: 3e-06
    ]
    ema_scheduler:[
      step_start_ema: 5000
      update_ema_every: 1
      ema_decay: 0.9999
    ]
  ]
  wandb:[
    project: distributed_high_sr_ffhq
  ]
  distributed: True
  log_infer: False
  enable_wandb: False

24-12-02 09:50:06.415 - INFO: Dataset [LRHRDataset - CelebaHQ] is created.
24-12-02 09:50:06.416 - INFO: Initial Dataset Finished
24-12-02 09:50:08.866 - INFO: Loading pretrained model for G [I830000_E32] ...
24-12-02 09:50:09.501 - INFO: Network G structure: DataParallel - GaussianDiffusion, with parameters: 155,334,339
24-12-02 09:50:09.501 - INFO: GaussianDiffusion(
  (denoise_fn): UNet(
    (noise_level_mlp): Sequential(
      (0): PositionalEncoding()
      (1): Linear(in_features=64, out_features=256, bias=True)
      (2): Swish()
      (3): Linear(in_features=256, out_features=64, bias=True)
    )
    (downs): ModuleList(
      (0): Conv2d(6, 64, kernel_size=(3, 3), stride=(1, 1), padding=(1, 1))
      (1): ResnetBlocWithAttn(
        (res_block): ResnetBlock(
          (noise_func): FeatureWiseAffine(
            (noise_func): Sequential(
              (0): Linear(in_features=64, out_features=64, bias=True)
            )
          )
          (block1): Block(
            (block): Sequential(
              (0): GroupNorm(16, 64, eps=1e-05, affine=True)
              (1): Swish()
              (2): Identity()
              (3): Conv2d(64, 64, kernel_size=(3, 3), stride=(1, 1), padding=(1, 1))
            )
          )
          (block2): Block(
            (block): Sequential(
              (0): GroupNorm(16, 64, eps=1e-05, affine=True)
              (1): Swish()
              (2): Identity()
              (3): Conv2d(64, 64, kernel_size=(3, 3), stride=(1, 1), padding=(1, 1))
            )
          )
          (res_conv): Identity()
        )
      )
      (2): Downsample(
        (conv): Conv2d(64, 64, kernel_size=(3, 3), stride=(2, 2), padding=(1, 1))
      )
      (3): ResnetBlocWithAttn(
        (res_block): ResnetBlock(
          (noise_func): FeatureWiseAffine(
            (noise_func): Sequential(
              (0): Linear(in_features=64, out_features=128, bias=True)
            )
          )
          (block1): Block(
            (block): Sequential(
              (0): GroupNorm(16, 64, eps=1e-05, affine=True)
              (1): Swish()
              (2): Identity()
              (3): Conv2d(64, 128, kernel_size=(3, 3), stride=(1, 1), padding=(1, 1))
            )
          )
          (block2): Block(
            (block): Sequential(
              (0): GroupNorm(16, 128, eps=1e-05, affine=True)
              (1): Swish()
              (2): Identity()
              (3): Conv2d(128, 128, kernel_size=(3, 3), stride=(1, 1), padding=(1, 1))
            )
          )
          (res_conv): Conv2d(64, 128, kernel_size=(1, 1), stride=(1, 1))
        )
      )
      (4): Downsample(
        (conv): Conv2d(128, 128, kernel_size=(3, 3), stride=(2, 2), padding=(1, 1))
      )
      (5): ResnetBlocWithAttn(
        (res_block): ResnetBlock(
          (noise_func): FeatureWiseAffine(
            (noise_func): Sequential(
              (0): Linear(in_features=64, out_features=256, bias=True)
            )
          )
          (block1): Block(
            (block): Sequential(
              (0): GroupNorm(16, 128, eps=1e-05, affine=True)
              (1): Swish()
              (2): Identity()
              (3): Conv2d(128, 256, kernel_size=(3, 3), stride=(1, 1), padding=(1, 1))
            )
          )
          (block2): Block(
            (block): Sequential(
              (0): GroupNorm(16, 256, eps=1e-05, affine=True)
              (1): Swish()
              (2): Identity()
              (3): Conv2d(256, 256, kernel_size=(3, 3), stride=(1, 1), padding=(1, 1))
            )
          )
          (res_conv): Conv2d(128, 256, kernel_size=(1, 1), stride=(1, 1))
        )
      )
      (6): Downsample(
        (conv): Conv2d(256, 256, kernel_size=(3, 3), stride=(2, 2), padding=(1, 1))
      )
      (7): ResnetBlocWithAttn(
        (res_block): ResnetBlock(
          (noise_func): FeatureWiseAffine(
            (noise_func): Sequential(
              (0): Linear(in_features=64, out_features=512, bias=True)
            )
          )
          (block1): Block(
            (block): Sequential(
              (0): GroupNorm(16, 256, eps=1e-05, affine=True)
              (1): Swish()
              (2): Identity()
              (3): Conv2d(256, 512, kernel_size=(3, 3), stride=(1, 1), padding=(1, 1))
            )
          )
          (block2): Block(
            (block): Sequential(
              (0): GroupNorm(16, 512, eps=1e-05, affine=True)
              (1): Swish()
              (2): Identity()
              (3): Conv2d(512, 512, kernel_size=(3, 3), stride=(1, 1), padding=(1, 1))
            )
          )
          (res_conv): Conv2d(256, 512, kernel_size=(1, 1), stride=(1, 1))
        )
      )
      (8): Downsample(
        (conv): Conv2d(512, 512, kernel_size=(3, 3), stride=(2, 2), padding=(1, 1))
      )
      (9): ResnetBlocWithAttn(
        (res_block): ResnetBlock(
          (noise_func): FeatureWiseAffine(
            (noise_func): Sequential(
              (0): Linear(in_features=64, out_features=1024, bias=True)
            )
          )
          (block1): Block(
            (block): Sequential(
              (0): GroupNorm(16, 512, eps=1e-05, affine=True)
              (1): Swish()
              (2): Identity()
              (3): Conv2d(512, 1024, kernel_size=(3, 3), stride=(1, 1), padding=(1, 1))
            )
          )
          (block2): Block(
            (block): Sequential(
              (0): GroupNorm(16, 1024, eps=1e-05, affine=True)
              (1): Swish()
              (2): Identity()
              (3): Conv2d(1024, 1024, kernel_size=(3, 3), stride=(1, 1), padding=(1, 1))
            )
          )
          (res_conv): Conv2d(512, 1024, kernel_size=(1, 1), stride=(1, 1))
        )
      )
    )
    (mid): ModuleList(
      (0): ResnetBlocWithAttn(
        (res_block): ResnetBlock(
          (noise_func): FeatureWiseAffine(
            (noise_func): Sequential(
              (0): Linear(in_features=64, out_features=1024, bias=True)
            )
          )
          (block1): Block(
            (block): Sequential(
              (0): GroupNorm(16, 1024, eps=1e-05, affine=True)
              (1): Swish()
              (2): Identity()
              (3): Conv2d(1024, 1024, kernel_size=(3, 3), stride=(1, 1), padding=(1, 1))
            )
          )
          (block2): Block(
            (block): Sequential(
              (0): GroupNorm(16, 1024, eps=1e-05, affine=True)
              (1): Swish()
              (2): Identity()
              (3): Conv2d(1024, 1024, kernel_size=(3, 3), stride=(1, 1), padding=(1, 1))
            )
          )
          (res_conv): Identity()
        )
        (attn): SelfAttention(
          (norm): GroupNorm(16, 1024, eps=1e-05, affine=True)
          (qkv): Conv2d(1024, 3072, kernel_size=(1, 1), stride=(1, 1), bias=False)
          (out): Conv2d(1024, 1024, kernel_size=(1, 1), stride=(1, 1))
        )
      )
      (1): ResnetBlocWithAttn(
        (res_block): ResnetBlock(
          (noise_func): FeatureWiseAffine(
            (noise_func): Sequential(
              (0): Linear(in_features=64, out_features=1024, bias=True)
            )
          )
          (block1): Block(
            (block): Sequential(
              (0): GroupNorm(16, 1024, eps=1e-05, affine=True)
              (1): Swish()
              (2): Identity()
              (3): Conv2d(1024, 1024, kernel_size=(3, 3), stride=(1, 1), padding=(1, 1))
            )
          )
          (block2): Block(
            (block): Sequential(
              (0): GroupNorm(16, 1024, eps=1e-05, affine=True)
              (1): Swish()
              (2): Identity()
              (3): Conv2d(1024, 1024, kernel_size=(3, 3), stride=(1, 1), padding=(1, 1))
            )
          )
          (res_conv): Identity()
        )
      )
    )
    (ups): ModuleList(
      (0): ResnetBlocWithAttn(
        (res_block): ResnetBlock(
          (noise_func): FeatureWiseAffine(
            (noise_func): Sequential(
              (0): Linear(in_features=64, out_features=1024, bias=True)
            )
          )
          (block1): Block(
            (block): Sequential(
              (0): GroupNorm(16, 2048, eps=1e-05, affine=True)
              (1): Swish()
              (2): Identity()
              (3): Conv2d(2048, 1024, kernel_size=(3, 3), stride=(1, 1), padding=(1, 1))
            )
          )
          (block2): Block(
            (block): Sequential(
              (0): GroupNorm(16, 1024, eps=1e-05, affine=True)
              (1): Swish()
              (2): Identity()
              (3): Conv2d(1024, 1024, kernel_size=(3, 3), stride=(1, 1), padding=(1, 1))
            )
          )
          (res_conv): Conv2d(2048, 1024, kernel_size=(1, 1), stride=(1, 1))
        )
      )
      (1): ResnetBlocWithAttn(
        (res_block): ResnetBlock(
          (noise_func): FeatureWiseAffine(
            (noise_func): Sequential(
              (0): Linear(in_features=64, out_features=1024, bias=True)
            )
          )
          (block1): Block(
            (block): Sequential(
              (0): GroupNorm(16, 1536, eps=1e-05, affine=True)
              (1): Swish()
              (2): Identity()
              (3): Conv2d(1536, 1024, kernel_size=(3, 3), stride=(1, 1), padding=(1, 1))
            )
          )
          (block2): Block(
            (block): Sequential(
              (0): GroupNorm(16, 1024, eps=1e-05, affine=True)
              (1): Swish()
              (2): Identity()
              (3): Conv2d(1024, 1024, kernel_size=(3, 3), stride=(1, 1), padding=(1, 1))
            )
          )
          (res_conv): Conv2d(1536, 1024, kernel_size=(1, 1), stride=(1, 1))
        )
      )
      (2): Upsample(
        (up): Upsample(scale_factor=2.0, mode='nearest')
        (conv): Conv2d(1024, 1024, kernel_size=(3, 3), stride=(1, 1), padding=(1, 1))
      )
      (3): ResnetBlocWithAttn(
        (res_block): ResnetBlock(
          (noise_func): FeatureWiseAffine(
            (noise_func): Sequential(
              (0): Linear(in_features=64, out_features=512, bias=True)
            )
          )
          (block1): Block(
            (block): Sequential(
              (0): GroupNorm(16, 1536, eps=1e-05, affine=True)
              (1): Swish()
              (2): Identity()
              (3): Conv2d(1536, 512, kernel_size=(3, 3), stride=(1, 1), padding=(1, 1))
            )
          )
          (block2): Block(
            (block): Sequential(
              (0): GroupNorm(16, 512, eps=1e-05, affine=True)
              (1): Swish()
              (2): Identity()
              (3): Conv2d(512, 512, kernel_size=(3, 3), stride=(1, 1), padding=(1, 1))
            )
          )
          (res_conv): Conv2d(1536, 512, kernel_size=(1, 1), stride=(1, 1))
        )
      )
      (4): ResnetBlocWithAttn(
        (res_block): ResnetBlock(
          (noise_func): FeatureWiseAffine(
            (noise_func): Sequential(
              (0): Linear(in_features=64, out_features=512, bias=True)
            )
          )
          (block1): Block(
            (block): Sequential(
              (0): GroupNorm(16, 768, eps=1e-05, affine=True)
              (1): Swish()
              (2): Identity()
              (3): Conv2d(768, 512, kernel_size=(3, 3), stride=(1, 1), padding=(1, 1))
            )
          )
          (block2): Block(
            (block): Sequential(
              (0): GroupNorm(16, 512, eps=1e-05, affine=True)
              (1): Swish()
              (2): Identity()
              (3): Conv2d(512, 512, kernel_size=(3, 3), stride=(1, 1), padding=(1, 1))
            )
          )
          (res_conv): Conv2d(768, 512, kernel_size=(1, 1), stride=(1, 1))
        )
      )
      (5): Upsample(
        (up): Upsample(scale_factor=2.0, mode='nearest')
        (conv): Conv2d(512, 512, kernel_size=(3, 3), stride=(1, 1), padding=(1, 1))
      )
      (6): ResnetBlocWithAttn(
        (res_block): ResnetBlock(
          (noise_func): FeatureWiseAffine(
            (noise_func): Sequential(
              (0): Linear(in_features=64, out_features=256, bias=True)
            )
          )
          (block1): Block(
            (block): Sequential(
              (0): GroupNorm(16, 768, eps=1e-05, affine=True)
              (1): Swish()
              (2): Identity()
              (3): Conv2d(768, 256, kernel_size=(3, 3), stride=(1, 1), padding=(1, 1))
            )
          )
          (block2): Block(
            (block): Sequential(
              (0): GroupNorm(16, 256, eps=1e-05, affine=True)
              (1): Swish()
              (2): Identity()
              (3): Conv2d(256, 256, kernel_size=(3, 3), stride=(1, 1), padding=(1, 1))
            )
          )
          (res_conv): Conv2d(768, 256, kernel_size=(1, 1), stride=(1, 1))
        )
      )
      (7): ResnetBlocWithAttn(
        (res_block): ResnetBlock(
          (noise_func): FeatureWiseAffine(
            (noise_func): Sequential(
              (0): Linear(in_features=64, out_features=256, bias=True)
            )
          )
          (block1): Block(
            (block): Sequential(
              (0): GroupNorm(16, 384, eps=1e-05, affine=True)
              (1): Swish()
              (2): Identity()
              (3): Conv2d(384, 256, kernel_size=(3, 3), stride=(1, 1), padding=(1, 1))
            )
          )
          (block2): Block(
            (block): Sequential(
              (0): GroupNorm(16, 256, eps=1e-05, affine=True)
              (1): Swish()
              (2): Identity()
              (3): Conv2d(256, 256, kernel_size=(3, 3), stride=(1, 1), padding=(1, 1))
            )
          )
          (res_conv): Conv2d(384, 256, kernel_size=(1, 1), stride=(1, 1))
        )
      )
      (8): Upsample(
        (up): Upsample(scale_factor=2.0, mode='nearest')
        (conv): Conv2d(256, 256, kernel_size=(3, 3), stride=(1, 1), padding=(1, 1))
      )
      (9): ResnetBlocWithAttn(
        (res_block): ResnetBlock(
          (noise_func): FeatureWiseAffine(
            (noise_func): Sequential(
              (0): Linear(in_features=64, out_features=128, bias=True)
            )
          )
          (block1): Block(
            (block): Sequential(
              (0): GroupNorm(16, 384, eps=1e-05, affine=True)
              (1): Swish()
              (2): Identity()
              (3): Conv2d(384, 128, kernel_size=(3, 3), stride=(1, 1), padding=(1, 1))
            )
          )
          (block2): Block(
            (block): Sequential(
              (0): GroupNorm(16, 128, eps=1e-05, affine=True)
              (1): Swish()
              (2): Identity()
              (3): Conv2d(128, 128, kernel_size=(3, 3), stride=(1, 1), padding=(1, 1))
            )
          )
          (res_conv): Conv2d(384, 128, kernel_size=(1, 1), stride=(1, 1))
        )
      )
      (10): ResnetBlocWithAttn(
        (res_block): ResnetBlock(
          (noise_func): FeatureWiseAffine(
            (noise_func): Sequential(
              (0): Linear(in_features=64, out_features=128, bias=True)
            )
          )
          (block1): Block(
            (block): Sequential(
              (0): GroupNorm(16, 192, eps=1e-05, affine=True)
              (1): Swish()
              (2): Identity()
              (3): Conv2d(192, 128, kernel_size=(3, 3), stride=(1, 1), padding=(1, 1))
            )
          )
          (block2): Block(
            (block): Sequential(
              (0): GroupNorm(16, 128, eps=1e-05, affine=True)
              (1): Swish()
              (2): Identity()
              (3): Conv2d(128, 128, kernel_size=(3, 3), stride=(1, 1), padding=(1, 1))
            )
          )
          (res_conv): Conv2d(192, 128, kernel_size=(1, 1), stride=(1, 1))
        )
      )
      (11): Upsample(
        (up): Upsample(scale_factor=2.0, mode='nearest')
        (conv): Conv2d(128, 128, kernel_size=(3, 3), stride=(1, 1), padding=(1, 1))
      )
      (12): ResnetBlocWithAttn(
        (res_block): ResnetBlock(
          (noise_func): FeatureWiseAffine(
            (noise_func): Sequential(
              (0): Linear(in_features=64, out_features=64, bias=True)
            )
          )
          (block1): Block(
            (block): Sequential(
              (0): GroupNorm(16, 192, eps=1e-05, affine=True)
              (1): Swish()
              (2): Identity()
              (3): Conv2d(192, 64, kernel_size=(3, 3), stride=(1, 1), padding=(1, 1))
            )
          )
          (block2): Block(
            (block): Sequential(
              (0): GroupNorm(16, 64, eps=1e-05, affine=True)
              (1): Swish()
              (2): Identity()
              (3): Conv2d(64, 64, kernel_size=(3, 3), stride=(1, 1), padding=(1, 1))
            )
          )
          (res_conv): Conv2d(192, 64, kernel_size=(1, 1), stride=(1, 1))
        )
      )
      (13): ResnetBlocWithAttn(
        (res_block): ResnetBlock(
          (noise_func): FeatureWiseAffine(
            (noise_func): Sequential(
              (0): Linear(in_features=64, out_features=64, bias=True)
            )
          )
          (block1): Block(
            (block): Sequential(
              (0): GroupNorm(16, 128, eps=1e-05, affine=True)
              (1): Swish()
              (2): Identity()
              (3): Conv2d(128, 64, kernel_size=(3, 3), stride=(1, 1), padding=(1, 1))
            )
          )
          (block2): Block(
            (block): Sequential(
              (0): GroupNorm(16, 64, eps=1e-05, affine=True)
              (1): Swish()
              (2): Identity()
              (3): Conv2d(64, 64, kernel_size=(3, 3), stride=(1, 1), padding=(1, 1))
            )
          )
          (res_conv): Conv2d(128, 64, kernel_size=(1, 1), stride=(1, 1))
        )
      )
    )
    (final_conv): Block(
      (block): Sequential(
        (0): GroupNorm(16, 64, eps=1e-05, affine=True)
        (1): Swish()
        (2): Identity()
        (3): Conv2d(64, 3, kernel_size=(3, 3), stride=(1, 1), padding=(1, 1))
      )
    )
  )
  (loss_func): L1Loss()
)
24-12-02 09:50:09.533 - INFO: Model [DDPM] is created.
24-12-02 09:50:09.533 - INFO: Initial Model Finished
24-12-02 09:50:09.534 - INFO: Begin Model Inference.
